e:\book\im\project\project\project\debug\project.pch
e:\book\im\project\project\project\debug\vc120.pdb
e:\book\im\project\project\project\debug\vc120.idb
e:\book\im\project\project\project\debug\stdafx.obj
e:\book\im\project\project\project\debug\path.obj
e:\book\im\project\project\project\debug\project.obj
e:\book\im\project\project\project\debug\richeditutil.obj
e:\book\im\project\project\project\debug\skinbutton.obj
e:\book\im\project\project\project\debug\skincombobox.obj
e:\book\im\project\project\project\debug\skindialog.obj
e:\book\im\project\project\project\debug\skinedit.obj
e:\book\im\project\project\project\debug\skinhyperlink.obj
e:\book\im\project\project\project\debug\skinlistctrl.obj
e:\book\im\project\project\project\debug\skinmanager.obj
e:\book\im\project\project\project\debug\skinmenu.obj
e:\book\im\project\project\project\debug\skinmessagebox.obj
e:\book\im\project\project\project\debug\skinpicturebox.obj
e:\book\im\project\project\project\debug\skinrichedit.obj
e:\book\im\project\project\project\debug\skinscrollbar.obj
e:\book\im\project\project\project\debug\skinstatic.obj
e:\book\im\project\project\project\debug\skintabctrl.obj
e:\book\im\project\project\project\debug\skintoolbar.obj
e:\book\im\project\project\project\debug\skinwebbrowser.obj
e:\book\im\project\project\project\debug\xmldocument.obj
e:\book\im\project\project\project\debug\aboutdlg.obj
e:\book\im\project\project\project\debug\gifimage.obj
e:\book\im\project\project\project\debug\imageex.obj
e:\book\im\project\project\project\debug\maindlg.obj
e:\book\im\project\project\project\debug\adler32.obj
e:\book\im\project\project\project\debug\compress.obj
e:\book\im\project\project\project\debug\crc32.obj
e:\book\im\project\project\project\debug\deflate.obj
e:\book\im\project\project\project\debug\gzclose.obj
e:\book\im\project\project\project\debug\gzlib.obj
e:\book\im\project\project\project\debug\gzread.obj
e:\book\im\project\project\project\debug\gzwrite.obj
e:\book\im\project\project\project\debug\infback.obj
e:\book\im\project\project\project\debug\inffast.obj
e:\book\im\project\project\project\debug\inflate.obj
e:\book\im\project\project\project\debug\inftrees.obj
e:\book\im\project\project\project\debug\trees.obj
e:\book\im\project\project\project\debug\uncompr.obj
e:\book\im\project\project\project\debug\zlibdemo.obj
e:\book\im\project\project\project\debug\zutil.obj
e:\book\im\project\project\project\debug\project.res
e:\book\im\project\project\project\debug\msxml3.tli
e:\book\im\project\project\project\debug\msxml3.tlh
e:\book\im\project\project\project\debug\project.tlog\cl.command.1.tlog
e:\book\im\project\project\project\debug\project.tlog\cl.read.1.tlog
e:\book\im\project\project\project\debug\project.tlog\cl.write.1.tlog
e:\book\im\project\project\project\debug\project.tlog\link-cvtres.read.1.tlog
e:\book\im\project\project\project\debug\project.tlog\link-cvtres.write.1.tlog
e:\book\im\project\project\project\debug\project.tlog\link-rc.read.1.tlog
e:\book\im\project\project\project\debug\project.tlog\link-rc.write.1.tlog
e:\book\im\project\project\project\debug\project.tlog\link.command.1.tlog
e:\book\im\project\project\project\debug\project.tlog\link.read.1.tlog
e:\book\im\project\project\project\debug\project.tlog\link.write.1.tlog
e:\book\im\project\project\project\debug\project.tlog\rc.command.1.tlog
e:\book\im\project\project\project\debug\project.tlog\rc.read.1.tlog
e:\book\im\project\project\project\debug\project.tlog\rc.write.1.tlog
